<?xml version="1.0" encoding="UTF-8"?>
<testsuite xmlns:xsi="http://www.w3.org/2001/XMLSchema-instance" xsi:noNamespaceSchemaLocation="https://maven.apache.org/surefire/maven-surefire-plugin/xsd/surefire-test-report.xsd" version="3.0.2" name="com.example.project.ProjectApplicationTests" time="5.216" tests="1" errors="0" skipped="0" failures="0">
  <properties>
    <property name="java.specification.version" value="21"/>
    <property name="sun.cpu.isalist" value="amd64"/>
    <property name="sun.jnu.encoding" value="Cp1252"/>
    <property name="java.class.path" value="C:\Users\paavo\Documents\_SAVONIA\Java Web\project\project\target\test-classes;C:\Users\paavo\Documents\_SAVONIA\Java Web\project\project\target\classes;C:\Users\paavo\.m2\repository\org\springframework\boot\spring-boot-starter-data-jpa\3.4.4\spring-boot-starter-data-jpa-3.4.4.jar;C:\Users\paavo\.m2\repository\org\springframework\boot\spring-boot-starter\3.4.4\spring-boot-starter-3.4.4.jar;C:\Users\paavo\.m2\repository\org\springframework\boot\spring-boot\3.4.4\spring-boot-3.4.4.jar;C:\Users\paavo\.m2\repository\org\springframework\boot\spring-boot-autoconfigure\3.4.4\spring-boot-autoconfigure-3.4.4.jar;C:\Users\paavo\.m2\repository\org\springframework\boot\spring-boot-starter-logging\3.4.4\spring-boot-starter-logging-3.4.4.jar;C:\Users\paavo\.m2\repository\ch\qos\logback\logback-classic\1.5.18\logback-classic-1.5.18.jar;C:\Users\paavo\.m2\repository\ch\qos\logback\logback-core\1.5.18\logback-core-1.5.18.jar;C:\Users\paavo\.m2\repository\org\apache\logging\log4j\log4j-to-slf4j\2.24.3\log4j-to-slf4j-2.24.3.jar;C:\Users\paavo\.m2\repository\org\apache\logging\log4j\log4j-api\2.24.3\log4j-api-2.24.3.jar;C:\Users\paavo\.m2\repository\org\slf4j\jul-to-slf4j\2.0.17\jul-to-slf4j-2.0.17.jar;C:\Users\paavo\.m2\repository\jakarta\annotation\jakarta.annotation-api\2.1.1\jakarta.annotation-api-2.1.1.jar;C:\Users\paavo\.m2\repository\org\yaml\snakeyaml\2.3\snakeyaml-2.3.jar;C:\Users\paavo\.m2\repository\org\springframework\boot\spring-boot-starter-jdbc\3.4.4\spring-boot-starter-jdbc-3.4.4.jar;C:\Users\paavo\.m2\repository\com\zaxxer\HikariCP\5.1.0\HikariCP-5.1.0.jar;C:\Users\paavo\.m2\repository\org\springframework\spring-jdbc\6.2.5\spring-jdbc-6.2.5.jar;C:\Users\paavo\.m2\repository\org\hibernate\orm\hibernate-core\6.6.11.Final\hibernate-core-6.6.11.Final.jar;C:\Users\paavo\.m2\repository\jakarta\persistence\jakarta.persistence-api\3.1.0\jakarta.persistence-api-3.1.0.jar;C:\Users\paavo\.m2\repository\jakarta\transaction\jakarta.transaction-api\2.0.1\jakarta.transaction-api-2.0.1.jar;C:\Users\paavo\.m2\repository\org\jboss\logging\jboss-logging\3.6.1.Final\jboss-logging-3.6.1.Final.jar;C:\Users\paavo\.m2\repository\org\hibernate\common\hibernate-commons-annotations\7.0.3.Final\hibernate-commons-annotations-7.0.3.Final.jar;C:\Users\paavo\.m2\repository\io\smallrye\jandex\3.2.0\jandex-3.2.0.jar;C:\Users\paavo\.m2\repository\com\fasterxml\classmate\1.7.0\classmate-1.7.0.jar;C:\Users\paavo\.m2\repository\net\bytebuddy\byte-buddy\1.15.11\byte-buddy-1.15.11.jar;C:\Users\paavo\.m2\repository\org\glassfish\jaxb\jaxb-runtime\4.0.5\jaxb-runtime-4.0.5.jar;C:\Users\paavo\.m2\repository\org\glassfish\jaxb\jaxb-core\4.0.5\jaxb-core-4.0.5.jar;C:\Users\paavo\.m2\repository\org\eclipse\angus\angus-activation\2.0.2\angus-activation-2.0.2.jar;C:\Users\paavo\.m2\repository\org\glassfish\jaxb\txw2\4.0.5\txw2-4.0.5.jar;C:\Users\paavo\.m2\repository\com\sun\istack\istack-commons-runtime\4.1.2\istack-commons-runtime-4.1.2.jar;C:\Users\paavo\.m2\repository\jakarta\inject\jakarta.inject-api\2.0.1\jakarta.inject-api-2.0.1.jar;C:\Users\paavo\.m2\repository\org\antlr\antlr4-runtime\4.13.0\antlr4-runtime-4.13.0.jar;C:\Users\paavo\.m2\repository\org\springframework\data\spring-data-jpa\3.4.4\spring-data-jpa-3.4.4.jar;C:\Users\paavo\.m2\repository\org\springframework\data\spring-data-commons\3.4.4\spring-data-commons-3.4.4.jar;C:\Users\paavo\.m2\repository\org\springframework\spring-orm\6.2.5\spring-orm-6.2.5.jar;C:\Users\paavo\.m2\repository\org\springframework\spring-context\6.2.5\spring-context-6.2.5.jar;C:\Users\paavo\.m2\repository\io\micrometer\micrometer-observation\1.14.5\micrometer-observation-1.14.5.jar;C:\Users\paavo\.m2\repository\io\micrometer\micrometer-commons\1.14.5\micrometer-commons-1.14.5.jar;C:\Users\paavo\.m2\repository\org\springframework\spring-tx\6.2.5\spring-tx-6.2.5.jar;C:\Users\paavo\.m2\repository\org\springframework\spring-beans\6.2.5\spring-beans-6.2.5.jar;C:\Users\paavo\.m2\repository\org\slf4j\slf4j-api\2.0.17\slf4j-api-2.0.17.jar;C:\Users\paavo\.m2\repository\org\springframework\spring-aspects\6.2.5\spring-aspects-6.2.5.jar;C:\Users\paavo\.m2\repository\org\aspectj\aspectjweaver\1.9.23\aspectjweaver-1.9.23.jar;C:\Users\paavo\.m2\repository\org\springframework\boot\spring-boot-starter-security\3.4.4\spring-boot-starter-security-3.4.4.jar;C:\Users\paavo\.m2\repository\org\springframework\spring-aop\6.2.5\spring-aop-6.2.5.jar;C:\Users\paavo\.m2\repository\org\springframework\security\spring-security-config\6.4.4\spring-security-config-6.4.4.jar;C:\Users\paavo\.m2\repository\org\springframework\security\spring-security-core\6.4.4\spring-security-core-6.4.4.jar;C:\Users\paavo\.m2\repository\org\springframework\security\spring-security-crypto\6.4.4\spring-security-crypto-6.4.4.jar;C:\Users\paavo\.m2\repository\org\springframework\security\spring-security-web\6.4.4\spring-security-web-6.4.4.jar;C:\Users\paavo\.m2\repository\org\springframework\spring-expression\6.2.5\spring-expression-6.2.5.jar;C:\Users\paavo\.m2\repository\org\springframework\spring-web\6.2.5\spring-web-6.2.5.jar;C:\Users\paavo\.m2\repository\com\vaadin\vaadin-spring-boot-starter\24.7.2\vaadin-spring-boot-starter-24.7.2.jar;C:\Users\paavo\.m2\repository\com\vaadin\vaadin-spring\24.7.4\vaadin-spring-24.7.4.jar;C:\Users\paavo\.m2\repository\com\vaadin\flow-server\24.7.4\flow-server-24.7.4.jar;C:\Users\paavo\.m2\repository\com\vaadin\servletdetector\throw-if-servlet3\1.0.2\throw-if-servlet3-1.0.2.jar;C:\Users\paavo\.m2\repository\org\jspecify\jspecify\1.0.0\jspecify-1.0.0.jar;C:\Users\paavo\.m2\repository\com\vaadin\external\gwt\gwt-elemental\2.8.2.vaadin2\gwt-elemental-2.8.2.vaadin2.jar;C:\Users\paavo\.m2\repository\org\apache\commons\commons-fileupload2-jakarta\2.0.0-M1\commons-fileupload2-jakarta-2.0.0-M1.jar;C:\Users\paavo\.m2\repository\org\apache\commons\commons-fileupload2-core\2.0.0-M1\commons-fileupload2-core-2.0.0-M1.jar;C:\Users\paavo\.m2\repository\commons-io\commons-io\2.18.0\commons-io-2.18.0.jar;C:\Users\paavo\.m2\repository\com\fasterxml\jackson\core\jackson-core\2.18.3\jackson-core-2.18.3.jar;C:\Users\paavo\.m2\repository\com\fasterxml\jackson\core\jackson-databind\2.18.3\jackson-databind-2.18.3.jar;C:\Users\paavo\.m2\repository\com\fasterxml\jackson\core\jackson-annotations\2.18.3\jackson-annotations-2.18.3.jar;C:\Users\paavo\.m2\repository\com\fasterxml\jackson\datatype\jackson-datatype-jsr310\2.18.3\jackson-datatype-jsr310-2.18.3.jar;C:\Users\paavo\.m2\repository\org\jsoup\jsoup\1.18.3\jsoup-1.18.3.jar;C:\Users\paavo\.m2\repository\com\helger\ph-css\7.0.4\ph-css-7.0.4.jar;C:\Users\paavo\.m2\repository\com\helger\commons\ph-commons\11.2.0\ph-commons-11.2.0.jar;C:\Users\paavo\.m2\repository\org\ow2\asm\asm\9.7.1\asm-9.7.1.jar;C:\Users\paavo\.m2\repository\com\vaadin\external\gentyref\1.2.0.vaadin1\gentyref-1.2.0.vaadin1.jar;C:\Users\paavo\.m2\repository\org\apache\commons\commons-compress\1.27.1\commons-compress-1.27.1.jar;C:\Users\paavo\.m2\repository\commons-codec\commons-codec\1.17.2\commons-codec-1.17.2.jar;C:\Users\paavo\.m2\repository\org\apache\commons\commons-lang3\3.17.0\commons-lang3-3.17.0.jar;C:\Users\paavo\.m2\repository\com\vaadin\flow-push\24.7.4\flow-push-24.7.4.jar;C:\Users\paavo\.m2\repository\com\vaadin\external\atmosphere\atmosphere-runtime\3.0.5.slf4jvaadin1\atmosphere-runtime-3.0.5.slf4jvaadin1.jar;C:\Users\paavo\.m2\repository\com\vaadin\flow-client\24.7.4\flow-client-24.7.4.jar;C:\Users\paavo\.m2\repository\org\springframework\spring-webmvc\6.2.5\spring-webmvc-6.2.5.jar;C:\Users\paavo\.m2\repository\org\springframework\spring-websocket\6.2.5\spring-websocket-6.2.5.jar;C:\Users\paavo\.m2\repository\org\hibernate\validator\hibernate-validator\8.0.2.Final\hibernate-validator-8.0.2.Final.jar;C:\Users\paavo\.m2\repository\jakarta\validation\jakarta.validation-api\3.0.2\jakarta.validation-api-3.0.2.jar;C:\Users\paavo\.m2\repository\org\reflections\reflections\0.10.2\reflections-0.10.2.jar;C:\Users\paavo\.m2\repository\com\google\code\findbugs\jsr305\3.0.2\jsr305-3.0.2.jar;C:\Users\paavo\.m2\repository\org\javassist\javassist\3.30.2-GA\javassist-3.30.2-GA.jar;C:\Users\paavo\.m2\repository\com\vaadin\vaadin-core\24.7.2\vaadin-core-24.7.2.jar;C:\Users\paavo\.m2\repository\com\vaadin\vaadin-core-internal\24.7.2\vaadin-core-internal-24.7.2.jar;C:\Users\paavo\.m2\repository\com\vaadin\flow-lit-template\24.7.4\flow-lit-template-24.7.4.jar;C:\Users\paavo\.m2\repository\com\vaadin\flow-react\24.7.4\flow-react-24.7.4.jar;C:\Users\paavo\.m2\repository\com\vaadin\flow-html-components\24.7.4\flow-html-components-24.7.4.jar;C:\Users\paavo\.m2\repository\com\vaadin\flow-data\24.7.4\flow-data-24.7.4.jar;C:\Users\paavo\.m2\repository\com\vaadin\flow-dnd\24.7.4\flow-dnd-24.7.4.jar;C:\Users\paavo\.m2\repository\com\vaadin\vaadin-lumo-theme\24.7.2\vaadin-lumo-theme-24.7.2.jar;C:\Users\paavo\.m2\repository\com\vaadin\vaadin-icons-flow\24.7.2\vaadin-icons-flow-24.7.2.jar;C:\Users\paavo\.m2\repository\com\vaadin\vaadin-flow-components-base\24.7.2\vaadin-flow-components-base-24.7.2.jar;C:\Users\paavo\.m2\repository\com\vaadin\vaadin-material-theme\24.7.2\vaadin-material-theme-24.7.2.jar;C:\Users\paavo\.m2\repository\com\vaadin\vaadin-core-components\24.7.2\vaadin-core-components-24.7.2.jar;C:\Users\paavo\.m2\repository\com\vaadin\vaadin-accordion-flow\24.7.2\vaadin-accordion-flow-24.7.2.jar;C:\Users\paavo\.m2\repository\com\vaadin\vaadin-avatar-flow\24.7.2\vaadin-avatar-flow-24.7.2.jar;C:\Users\paavo\.m2\repository\com\vaadin\vaadin-button-flow\24.7.2\vaadin-button-flow-24.7.2.jar;C:\Users\paavo\.m2\repository\com\vaadin\vaadin-card-flow\24.7.2\vaadin-card-flow-24.7.2.jar;C:\Users\paavo\.m2\repository\com\vaadin\vaadin-checkbox-flow\24.7.2\vaadin-checkbox-flow-24.7.2.jar;C:\Users\paavo\.m2\repository\com\vaadin\vaadin-combo-box-flow\24.7.2\vaadin-combo-box-flow-24.7.2.jar;C:\Users\paavo\.m2\repository\com\vaadin\vaadin-confirm-dialog-flow\24.7.2\vaadin-confirm-dialog-flow-24.7.2.jar;C:\Users\paavo\.m2\repository\com\vaadin\vaadin-custom-field-flow\24.7.2\vaadin-custom-field-flow-24.7.2.jar;C:\Users\paavo\.m2\repository\com\vaadin\vaadin-date-picker-flow\24.7.2\vaadin-date-picker-flow-24.7.2.jar;C:\Users\paavo\.m2\repository\com\vaadin\vaadin-date-time-picker-flow\24.7.2\vaadin-date-time-picker-flow-24.7.2.jar;C:\Users\paavo\.m2\repository\com\vaadin\vaadin-details-flow\24.7.2\vaadin-details-flow-24.7.2.jar;C:\Users\paavo\.m2\repository\com\vaadin\vaadin-time-picker-flow\24.7.2\vaadin-time-picker-flow-24.7.2.jar;C:\Users\paavo\.m2\repository\com\vaadin\vaadin-select-flow\24.7.2\vaadin-select-flow-24.7.2.jar;C:\Users\paavo\.m2\repository\com\vaadin\vaadin-side-nav-flow\24.7.2\vaadin-side-nav-flow-24.7.2.jar;C:\Users\paavo\.m2\repository\com\vaadin\vaadin-dialog-flow\24.7.2\vaadin-dialog-flow-24.7.2.jar;C:\Users\paavo\.m2\repository\com\vaadin\vaadin-form-layout-flow\24.7.2\vaadin-form-layout-flow-24.7.2.jar;C:\Users\paavo\.m2\repository\com\vaadin\vaadin-field-highlighter-flow\24.7.2\vaadin-field-highlighter-flow-24.7.2.jar;C:\Users\paavo\.m2\repository\com\vaadin\vaadin-grid-flow\24.7.2\vaadin-grid-flow-24.7.2.jar;C:\Users\paavo\.m2\repository\com\vaadin\vaadin-virtual-list-flow\24.7.2\vaadin-virtual-list-flow-24.7.2.jar;C:\Users\paavo\.m2\repository\com\vaadin\vaadin-list-box-flow\24.7.2\vaadin-list-box-flow-24.7.2.jar;C:\Users\paavo\.m2\repository\com\vaadin\vaadin-login-flow\24.7.2\vaadin-login-flow-24.7.2.jar;C:\Users\paavo\.m2\repository\com\vaadin\vaadin-messages-flow\24.7.2\vaadin-messages-flow-24.7.2.jar;C:\Users\paavo\.m2\repository\com\vaadin\vaadin-ordered-layout-flow\24.7.2\vaadin-ordered-layout-flow-24.7.2.jar;C:\Users\paavo\.m2\repository\com\vaadin\vaadin-progress-bar-flow\24.7.2\vaadin-progress-bar-flow-24.7.2.jar;C:\Users\paavo\.m2\repository\com\vaadin\vaadin-popover-flow\24.7.2\vaadin-popover-flow-24.7.2.jar;C:\Users\paavo\.m2\repository\com\vaadin\vaadin-radio-button-flow\24.7.2\vaadin-radio-button-flow-24.7.2.jar;C:\Users\paavo\.m2\repository\com\vaadin\vaadin-renderer-flow\24.7.2\vaadin-renderer-flow-24.7.2.jar;C:\Users\paavo\.m2\repository\com\vaadin\vaadin-split-layout-flow\24.7.2\vaadin-split-layout-flow-24.7.2.jar;C:\Users\paavo\.m2\repository\com\vaadin\vaadin-tabs-flow\24.7.2\vaadin-tabs-flow-24.7.2.jar;C:\Users\paavo\.m2\repository\com\vaadin\vaadin-text-field-flow\24.7.2\vaadin-text-field-flow-24.7.2.jar;C:\Users\paavo\.m2\repository\com\vaadin\vaadin-upload-flow\24.7.2\vaadin-upload-flow-24.7.2.jar;C:\Users\paavo\.m2\repository\com\vaadin\vaadin-notification-flow\24.7.2\vaadin-notification-flow-24.7.2.jar;C:\Users\paavo\.m2\repository\com\vaadin\vaadin-app-layout-flow\24.7.2\vaadin-app-layout-flow-24.7.2.jar;C:\Users\paavo\.m2\repository\com\vaadin\vaadin-context-menu-flow\24.7.2\vaadin-context-menu-flow-24.7.2.jar;C:\Users\paavo\.m2\repository\com\vaadin\vaadin-menu-bar-flow\24.7.2\vaadin-menu-bar-flow-24.7.2.jar;C:\Users\paavo\.m2\repository\com\vaadin\collaboration-engine\6.4.0\collaboration-engine-6.4.0.jar;C:\Users\paavo\.m2\repository\com\vaadin\vaadin-dev\24.7.2\vaadin-dev-24.7.2.jar;C:\Users\paavo\.m2\repository\com\vaadin\vaadin-dev-server\24.7.4\vaadin-dev-server-24.7.4.jar;C:\Users\paavo\.m2\repository\com\vaadin\license-checker\1.13.4\license-checker-1.13.4.jar;C:\Users\paavo\.m2\repository\com\github\oshi\oshi-core\6.6.5\oshi-core-6.6.5.jar;C:\Users\paavo\.m2\repository\net\java\dev\jna\jna\5.15.0\jna-5.15.0.jar;C:\Users\paavo\.m2\repository\net\java\dev\jna\jna-platform\5.15.0\jna-platform-5.15.0.jar;C:\Users\paavo\.m2\repository\com\nimbusds\nimbus-jose-jwt\9.37.3\nimbus-jose-jwt-9.37.3.jar;C:\Users\paavo\.m2\repository\org\lucee\jcip-annotations\1.0.0\jcip-annotations-1.0.0.jar;C:\Users\paavo\.m2\repository\com\vaadin\open\8.5.0.4\open-8.5.0.4.jar;C:\Users\paavo\.m2\repository\com\github\javaparser\javaparser-core\3.26.4\javaparser-core-3.26.4.jar;C:\Users\paavo\.m2\repository\io\methvin\directory-watcher\0.18.0\directory-watcher-0.18.0.jar;C:\Users\paavo\.m2\repository\com\vaadin\vaadin-dev-bundle\24.7.2\vaadin-dev-bundle-24.7.2.jar;C:\Users\paavo\.m2\repository\com\vaadin\hilla-dev\24.7.2\hilla-dev-24.7.2.jar;C:\Users\paavo\.m2\repository\com\vaadin\copilot\24.7.2\copilot-24.7.2.jar;C:\Users\paavo\.m2\repository\io\projectreactor\netty\reactor-netty\1.2.4\reactor-netty-1.2.4.jar;C:\Users\paavo\.m2\repository\io\projectreactor\netty\reactor-netty-core\1.2.4\reactor-netty-core-1.2.4.jar;C:\Users\paavo\.m2\repository\io\projectreactor\netty\reactor-netty-http\1.2.4\reactor-netty-http-1.2.4.jar;C:\Users\paavo\.m2\repository\io\netty\netty-all\4.1.119.Final\netty-all-4.1.119.Final.jar;C:\Users\paavo\.m2\repository\io\netty\netty-buffer\4.1.119.Final\netty-buffer-4.1.119.Final.jar;C:\Users\paavo\.m2\repository\io\netty\netty-codec\4.1.119.Final\netty-codec-4.1.119.Final.jar;C:\Users\paavo\.m2\repository\io\netty\netty-codec-dns\4.1.119.Final\netty-codec-dns-4.1.119.Final.jar;C:\Users\paavo\.m2\repository\io\netty\netty-codec-haproxy\4.1.119.Final\netty-codec-haproxy-4.1.119.Final.jar;C:\Users\paavo\.m2\repository\io\netty\netty-codec-http\4.1.119.Final\netty-codec-http-4.1.119.Final.jar;C:\Users\paavo\.m2\repository\io\netty\netty-codec-http2\4.1.119.Final\netty-codec-http2-4.1.119.Final.jar;C:\Users\paavo\.m2\repository\io\netty\netty-codec-memcache\4.1.119.Final\netty-codec-memcache-4.1.119.Final.jar;C:\Users\paavo\.m2\repository\io\netty\netty-codec-mqtt\4.1.119.Final\netty-codec-mqtt-4.1.119.Final.jar;C:\Users\paavo\.m2\repository\io\netty\netty-codec-redis\4.1.119.Final\netty-codec-redis-4.1.119.Final.jar;C:\Users\paavo\.m2\repository\io\netty\netty-codec-smtp\4.1.119.Final\netty-codec-smtp-4.1.119.Final.jar;C:\Users\paavo\.m2\repository\io\netty\netty-codec-socks\4.1.119.Final\netty-codec-socks-4.1.119.Final.jar;C:\Users\paavo\.m2\repository\io\netty\netty-codec-stomp\4.1.119.Final\netty-codec-stomp-4.1.119.Final.jar;C:\Users\paavo\.m2\repository\io\netty\netty-codec-xml\4.1.119.Final\netty-codec-xml-4.1.119.Final.jar;C:\Users\paavo\.m2\repository\io\netty\netty-common\4.1.119.Final\netty-common-4.1.119.Final.jar;C:\Users\paavo\.m2\repository\io\netty\netty-handler\4.1.119.Final\netty-handler-4.1.119.Final.jar;C:\Users\paavo\.m2\repository\io\netty\netty-transport-native-unix-common\4.1.119.Final\netty-transport-native-unix-common-4.1.119.Final.jar;C:\Users\paavo\.m2\repository\io\netty\netty-handler-proxy\4.1.119.Final\netty-handler-proxy-4.1.119.Final.jar;C:\Users\paavo\.m2\repository\io\netty\netty-handler-ssl-ocsp\4.1.119.Final\netty-handler-ssl-ocsp-4.1.119.Final.jar;C:\Users\paavo\.m2\repository\io\netty\netty-resolver\4.1.119.Final\netty-resolver-4.1.119.Final.jar;C:\Users\paavo\.m2\repository\io\netty\netty-resolver-dns\4.1.119.Final\netty-resolver-dns-4.1.119.Final.jar;C:\Users\paavo\.m2\repository\io\netty\netty-transport\4.1.119.Final\netty-transport-4.1.119.Final.jar;C:\Users\paavo\.m2\repository\io\netty\netty-transport-rxtx\4.1.119.Final\netty-transport-rxtx-4.1.119.Final.jar;C:\Users\paavo\.m2\repository\io\netty\netty-transport-sctp\4.1.119.Final\netty-transport-sctp-4.1.119.Final.jar;C:\Users\paavo\.m2\repository\io\netty\netty-transport-udt\4.1.119.Final\netty-transport-udt-4.1.119.Final.jar;C:\Users\paavo\.m2\repository\io\netty\netty-transport-classes-epoll\4.1.119.Final\netty-transport-classes-epoll-4.1.119.Final.jar;C:\Users\paavo\.m2\repository\io\netty\netty-transport-classes-kqueue\4.1.119.Final\netty-transport-classes-kqueue-4.1.119.Final.jar;C:\Users\paavo\.m2\repository\io\netty\netty-resolver-dns-classes-macos\4.1.119.Final\netty-resolver-dns-classes-macos-4.1.119.Final.jar;C:\Users\paavo\.m2\repository\io\netty\netty-transport-native-epoll\4.1.119.Final\netty-transport-native-epoll-4.1.119.Final-linux-x86_64.jar;C:\Users\paavo\.m2\repository\io\netty\netty-transport-native-epoll\4.1.119.Final\netty-transport-native-epoll-4.1.119.Final-linux-aarch_64.jar;C:\Users\paavo\.m2\repository\io\netty\netty-transport-native-epoll\4.1.119.Final\netty-transport-native-epoll-4.1.119.Final-linux-riscv64.jar;C:\Users\paavo\.m2\repository\io\netty\netty-transport-native-kqueue\4.1.119.Final\netty-transport-native-kqueue-4.1.119.Final-osx-x86_64.jar;C:\Users\paavo\.m2\repository\io\netty\netty-transport-native-kqueue\4.1.119.Final\netty-transport-native-kqueue-4.1.119.Final-osx-aarch_64.jar;C:\Users\paavo\.m2\repository\io\netty\netty-resolver-dns-native-macos\4.1.119.Final\netty-resolver-dns-native-macos-4.1.119.Final-osx-x86_64.jar;C:\Users\paavo\.m2\repository\io\netty\netty-resolver-dns-native-macos\4.1.119.Final\netty-resolver-dns-native-macos-4.1.119.Final-osx-aarch_64.jar;C:\Users\paavo\.m2\repository\org\apache\commons\commons-configuration2\2.11.0\commons-configuration2-2.11.0.jar;C:\Users\paavo\.m2\repository\org\apache\commons\commons-text\1.12.0\commons-text-1.12.0.jar;C:\Users\paavo\.m2\repository\com\vaadin\ui-tests\1.1.1\ui-tests-1.1.1.jar;C:\Users\paavo\.m2\repository\com\vaadin\hilla\24.7.2\hilla-24.7.2.jar;C:\Users\paavo\.m2\repository\com\vaadin\hilla-endpoint\24.7.2\hilla-endpoint-24.7.2.jar;C:\Users\paavo\.m2\repository\com\vaadin\hilla-engine-core\24.7.2\hilla-engine-core-24.7.2.jar;C:\Users\paavo\.m2\repository\com\vaadin\hilla-parser-jvm-core\24.7.2\hilla-parser-jvm-core-24.7.2.jar;C:\Users\paavo\.m2\repository\io\github\classgraph\classgraph\4.8.179\classgraph-4.8.179.jar;C:\Users\paavo\.m2\repository\com\fasterxml\jackson\dataformat\jackson-dataformat-yaml\2.18.3\jackson-dataformat-yaml-2.18.3.jar;C:\Users\paavo\.m2\repository\com\vaadin\hilla-parser-jvm-plugin-backbone\24.7.2\hilla-parser-jvm-plugin-backbone-24.7.2.jar;C:\Users\paavo\.m2\repository\com\vaadin\hilla-parser-jvm-plugin-nonnull\24.7.2\hilla-parser-jvm-plugin-nonnull-24.7.2.jar;C:\Users\paavo\.m2\repository\com\vaadin\hilla-parser-jvm-plugin-subtypes\24.7.2\hilla-parser-jvm-plugin-subtypes-24.7.2.jar;C:\Users\paavo\.m2\repository\com\vaadin\hilla-parser-jvm-plugin-model\24.7.2\hilla-parser-jvm-plugin-model-24.7.2.jar;C:\Users\paavo\.m2\repository\com\vaadin\hilla-parser-jvm-plugin-transfertypes\24.7.2\hilla-parser-jvm-plugin-transfertypes-24.7.2.jar;C:\Users\paavo\.m2\repository\io\projectreactor\reactor-core\3.7.4\reactor-core-3.7.4.jar;C:\Users\paavo\.m2\repository\org\reactivestreams\reactive-streams\1.0.4\reactive-streams-1.0.4.jar;C:\Users\paavo\.m2\repository\com\fasterxml\jackson\module\jackson-module-parameter-names\2.18.3\jackson-module-parameter-names-2.18.3.jar;C:\Users\paavo\.m2\repository\com\fasterxml\jackson\datatype\jackson-datatype-jdk8\2.18.3\jackson-datatype-jdk8-2.18.3.jar;C:\Users\paavo\.m2\repository\com\github\javaparser\javaparser-symbol-solver-core\3.26.4\javaparser-symbol-solver-core-3.26.4.jar;C:\Users\paavo\.m2\repository\com\google\guava\guava\33.4.0-jre\guava-33.4.0-jre.jar;C:\Users\paavo\.m2\repository\com\google\guava\failureaccess\1.0.2\failureaccess-1.0.2.jar;C:\Users\paavo\.m2\repository\com\google\guava\listenablefuture\9999.0-empty-to-avoid-conflict-with-guava\listenablefuture-9999.0-empty-to-avoid-conflict-with-guava.jar;C:\Users\paavo\.m2\repository\org\checkerframework\checker-qual\3.43.0\checker-qual-3.43.0.jar;C:\Users\paavo\.m2\repository\com\google\errorprone\error_prone_annotations\2.36.0\error_prone_annotations-2.36.0.jar;C:\Users\paavo\.m2\repository\com\google\j2objc\j2objc-annotations\3.0.0\j2objc-annotations-3.0.0.jar;C:\Users\paavo\.m2\repository\com\vaadin\hilla-parser-jvm-utils\24.7.2\hilla-parser-jvm-utils-24.7.2.jar;C:\Users\paavo\.m2\repository\io\swagger\core\v3\swagger-core\2.2.28\swagger-core-2.2.28.jar;C:\Users\paavo\.m2\repository\io\swagger\core\v3\swagger-annotations\2.2.28\swagger-annotations-2.2.28.jar;C:\Users\paavo\.m2\repository\io\swagger\core\v3\swagger-models\2.2.28\swagger-models-2.2.28.jar;C:\Users\paavo\.m2\repository\com\vaadin\hilla-runtime-plugin-transfertypes\24.7.2\hilla-runtime-plugin-transfertypes-24.7.2.jar;C:\Users\paavo\.m2\repository\com\vaadin\hilla-engine-runtime\24.7.2\hilla-engine-runtime-24.7.2.jar;C:\Users\paavo\.m2\repository\org\springframework\boot\spring-boot-starter-web\3.4.4\spring-boot-starter-web-3.4.4.jar;C:\Users\paavo\.m2\repository\org\springframework\boot\spring-boot-starter-json\3.4.4\spring-boot-starter-json-3.4.4.jar;C:\Users\paavo\.m2\repository\org\springframework\boot\spring-boot-starter-tomcat\3.4.4\spring-boot-starter-tomcat-3.4.4.jar;C:\Users\paavo\.m2\repository\org\apache\tomcat\embed\tomcat-embed-core\10.1.39\tomcat-embed-core-10.1.39.jar;C:\Users\paavo\.m2\repository\org\apache\tomcat\embed\tomcat-embed-el\10.1.39\tomcat-embed-el-10.1.39.jar;C:\Users\paavo\.m2\repository\org\apache\tomcat\embed\tomcat-embed-websocket\10.1.39\tomcat-embed-websocket-10.1.39.jar;C:\Users\paavo\.m2\repository\com\h2database\h2\2.3.232\h2-2.3.232.jar;C:\Users\paavo\.m2\repository\org\springframework\boot\spring-boot-starter-test\3.4.4\spring-boot-starter-test-3.4.4.jar;C:\Users\paavo\.m2\repository\org\springframework\boot\spring-boot-test\3.4.4\spring-boot-test-3.4.4.jar;C:\Users\paavo\.m2\repository\org\springframework\boot\spring-boot-test-autoconfigure\3.4.4\spring-boot-test-autoconfigure-3.4.4.jar;C:\Users\paavo\.m2\repository\com\jayway\jsonpath\json-path\2.9.0\json-path-2.9.0.jar;C:\Users\paavo\.m2\repository\jakarta\xml\bind\jakarta.xml.bind-api\4.0.2\jakarta.xml.bind-api-4.0.2.jar;C:\Users\paavo\.m2\repository\jakarta\activation\jakarta.activation-api\2.1.3\jakarta.activation-api-2.1.3.jar;C:\Users\paavo\.m2\repository\net\minidev\json-smart\2.5.2\json-smart-2.5.2.jar;C:\Users\paavo\.m2\repository\net\minidev\accessors-smart\2.5.2\accessors-smart-2.5.2.jar;C:\Users\paavo\.m2\repository\org\assertj\assertj-core\3.26.3\assertj-core-3.26.3.jar;C:\Users\paavo\.m2\repository\org\awaitility\awaitility\4.2.2\awaitility-4.2.2.jar;C:\Users\paavo\.m2\repository\org\hamcrest\hamcrest\2.2\hamcrest-2.2.jar;C:\Users\paavo\.m2\repository\org\junit\jupiter\junit-jupiter\5.11.4\junit-jupiter-5.11.4.jar;C:\Users\paavo\.m2\repository\org\junit\jupiter\junit-jupiter-api\5.11.4\junit-jupiter-api-5.11.4.jar;C:\Users\paavo\.m2\repository\org\opentest4j\opentest4j\1.3.0\opentest4j-1.3.0.jar;C:\Users\paavo\.m2\repository\org\junit\platform\junit-platform-commons\1.11.4\junit-platform-commons-1.11.4.jar;C:\Users\paavo\.m2\repository\org\apiguardian\apiguardian-api\1.1.2\apiguardian-api-1.1.2.jar;C:\Users\paavo\.m2\repository\org\junit\jupiter\junit-jupiter-params\5.11.4\junit-jupiter-params-5.11.4.jar;C:\Users\paavo\.m2\repository\org\junit\jupiter\junit-jupiter-engine\5.11.4\junit-jupiter-engine-5.11.4.jar;C:\Users\paavo\.m2\repository\org\junit\platform\junit-platform-engine\1.11.4\junit-platform-engine-1.11.4.jar;C:\Users\paavo\.m2\repository\org\mockito\mockito-core\5.14.2\mockito-core-5.14.2.jar;C:\Users\paavo\.m2\repository\net\bytebuddy\byte-buddy-agent\1.15.11\byte-buddy-agent-1.15.11.jar;C:\Users\paavo\.m2\repository\org\objenesis\objenesis\3.3\objenesis-3.3.jar;C:\Users\paavo\.m2\repository\org\mockito\mockito-junit-jupiter\5.14.2\mockito-junit-jupiter-5.14.2.jar;C:\Users\paavo\.m2\repository\org\skyscreamer\jsonassert\1.5.3\jsonassert-1.5.3.jar;C:\Users\paavo\.m2\repository\com\vaadin\external\google\android-json\0.0.20131108.vaadin1\android-json-0.0.20131108.vaadin1.jar;C:\Users\paavo\.m2\repository\org\springframework\spring-core\6.2.5\spring-core-6.2.5.jar;C:\Users\paavo\.m2\repository\org\springframework\spring-jcl\6.2.5\spring-jcl-6.2.5.jar;C:\Users\paavo\.m2\repository\org\springframework\spring-test\6.2.5\spring-test-6.2.5.jar;C:\Users\paavo\.m2\repository\org\xmlunit\xmlunit-core\2.10.0\xmlunit-core-2.10.0.jar;"/>
    <property name="java.vm.vendor" value="Oracle Corporation"/>
    <property name="sun.arch.data.model" value="64"/>
    <property name="user.variant" value=""/>
    <property name="spring.devtools.livereload.port" value="35729"/>
    <property name="java.vendor.url" value="https://java.oracle.com/"/>
    <property name="user.timezone" value="Europe/Helsinki"/>
    <property name="org.jboss.logging.provider" value="slf4j"/>
    <property name="user.country.format" value="FI"/>
    <property name="os.name" value="Windows 11"/>
    <property name="java.vm.specification.version" value="21"/>
    <property name="APPLICATION_NAME" value="project"/>
    <property name="sun.java.launcher" value="SUN_STANDARD"/>
    <property name="user.country" value="US"/>
    <property name="sun.boot.library.path" value="C:\Program Files\Java\jdk-21\bin"/>
    <property name="sun.java.command" value="C:\Users\paavo\AppData\Local\Temp\surefire4516513462297129724\surefirebooter-20250423222624517_3.jar C:\Users\paavo\AppData\Local\Temp\surefire4516513462297129724 2025-04-23T22-26-24_416-jvmRun1 surefire-20250423222624517_1tmp surefire_0-20250423222624517_2tmp"/>
    <property name="jdk.debug" value="release"/>
    <property name="surefire.test.class.path" value="C:\Users\paavo\Documents\_SAVONIA\Java Web\project\project\target\test-classes;C:\Users\paavo\Documents\_SAVONIA\Java Web\project\project\target\classes;C:\Users\paavo\.m2\repository\org\springframework\boot\spring-boot-starter-data-jpa\3.4.4\spring-boot-starter-data-jpa-3.4.4.jar;C:\Users\paavo\.m2\repository\org\springframework\boot\spring-boot-starter\3.4.4\spring-boot-starter-3.4.4.jar;C:\Users\paavo\.m2\repository\org\springframework\boot\spring-boot\3.4.4\spring-boot-3.4.4.jar;C:\Users\paavo\.m2\repository\org\springframework\boot\spring-boot-autoconfigure\3.4.4\spring-boot-autoconfigure-3.4.4.jar;C:\Users\paavo\.m2\repository\org\springframework\boot\spring-boot-starter-logging\3.4.4\spring-boot-starter-logging-3.4.4.jar;C:\Users\paavo\.m2\repository\ch\qos\logback\logback-classic\1.5.18\logback-classic-1.5.18.jar;C:\Users\paavo\.m2\repository\ch\qos\logback\logback-core\1.5.18\logback-core-1.5.18.jar;C:\Users\paavo\.m2\repository\org\apache\logging\log4j\log4j-to-slf4j\2.24.3\log4j-to-slf4j-2.24.3.jar;C:\Users\paavo\.m2\repository\org\apache\logging\log4j\log4j-api\2.24.3\log4j-api-2.24.3.jar;C:\Users\paavo\.m2\repository\org\slf4j\jul-to-slf4j\2.0.17\jul-to-slf4j-2.0.17.jar;C:\Users\paavo\.m2\repository\jakarta\annotation\jakarta.annotation-api\2.1.1\jakarta.annotation-api-2.1.1.jar;C:\Users\paavo\.m2\repository\org\yaml\snakeyaml\2.3\snakeyaml-2.3.jar;C:\Users\paavo\.m2\repository\org\springframework\boot\spring-boot-starter-jdbc\3.4.4\spring-boot-starter-jdbc-3.4.4.jar;C:\Users\paavo\.m2\repository\com\zaxxer\HikariCP\5.1.0\HikariCP-5.1.0.jar;C:\Users\paavo\.m2\repository\org\springframework\spring-jdbc\6.2.5\spring-jdbc-6.2.5.jar;C:\Users\paavo\.m2\repository\org\hibernate\orm\hibernate-core\6.6.11.Final\hibernate-core-6.6.11.Final.jar;C:\Users\paavo\.m2\repository\jakarta\persistence\jakarta.persistence-api\3.1.0\jakarta.persistence-api-3.1.0.jar;C:\Users\paavo\.m2\repository\jakarta\transaction\jakarta.transaction-api\2.0.1\jakarta.transaction-api-2.0.1.jar;C:\Users\paavo\.m2\repository\org\jboss\logging\jboss-logging\3.6.1.Final\jboss-logging-3.6.1.Final.jar;C:\Users\paavo\.m2\repository\org\hibernate\common\hibernate-commons-annotations\7.0.3.Final\hibernate-commons-annotations-7.0.3.Final.jar;C:\Users\paavo\.m2\repository\io\smallrye\jandex\3.2.0\jandex-3.2.0.jar;C:\Users\paavo\.m2\repository\com\fasterxml\classmate\1.7.0\classmate-1.7.0.jar;C:\Users\paavo\.m2\repository\net\bytebuddy\byte-buddy\1.15.11\byte-buddy-1.15.11.jar;C:\Users\paavo\.m2\repository\org\glassfish\jaxb\jaxb-runtime\4.0.5\jaxb-runtime-4.0.5.jar;C:\Users\paavo\.m2\repository\org\glassfish\jaxb\jaxb-core\4.0.5\jaxb-core-4.0.5.jar;C:\Users\paavo\.m2\repository\org\eclipse\angus\angus-activation\2.0.2\angus-activation-2.0.2.jar;C:\Users\paavo\.m2\repository\org\glassfish\jaxb\txw2\4.0.5\txw2-4.0.5.jar;C:\Users\paavo\.m2\repository\com\sun\istack\istack-commons-runtime\4.1.2\istack-commons-runtime-4.1.2.jar;C:\Users\paavo\.m2\repository\jakarta\inject\jakarta.inject-api\2.0.1\jakarta.inject-api-2.0.1.jar;C:\Users\paavo\.m2\repository\org\antlr\antlr4-runtime\4.13.0\antlr4-runtime-4.13.0.jar;C:\Users\paavo\.m2\repository\org\springframework\data\spring-data-jpa\3.4.4\spring-data-jpa-3.4.4.jar;C:\Users\paavo\.m2\repository\org\springframework\data\spring-data-commons\3.4.4\spring-data-commons-3.4.4.jar;C:\Users\paavo\.m2\repository\org\springframework\spring-orm\6.2.5\spring-orm-6.2.5.jar;C:\Users\paavo\.m2\repository\org\springframework\spring-context\6.2.5\spring-context-6.2.5.jar;C:\Users\paavo\.m2\repository\io\micrometer\micrometer-observation\1.14.5\micrometer-observation-1.14.5.jar;C:\Users\paavo\.m2\repository\io\micrometer\micrometer-commons\1.14.5\micrometer-commons-1.14.5.jar;C:\Users\paavo\.m2\repository\org\springframework\spring-tx\6.2.5\spring-tx-6.2.5.jar;C:\Users\paavo\.m2\repository\org\springframework\spring-beans\6.2.5\spring-beans-6.2.5.jar;C:\Users\paavo\.m2\repository\org\slf4j\slf4j-api\2.0.17\slf4j-api-2.0.17.jar;C:\Users\paavo\.m2\repository\org\springframework\spring-aspects\6.2.5\spring-aspects-6.2.5.jar;C:\Users\paavo\.m2\repository\org\aspectj\aspectjweaver\1.9.23\aspectjweaver-1.9.23.jar;C:\Users\paavo\.m2\repository\org\springframework\boot\spring-boot-starter-security\3.4.4\spring-boot-starter-security-3.4.4.jar;C:\Users\paavo\.m2\repository\org\springframework\spring-aop\6.2.5\spring-aop-6.2.5.jar;C:\Users\paavo\.m2\repository\org\springframework\security\spring-security-config\6.4.4\spring-security-config-6.4.4.jar;C:\Users\paavo\.m2\repository\org\springframework\security\spring-security-core\6.4.4\spring-security-core-6.4.4.jar;C:\Users\paavo\.m2\repository\org\springframework\security\spring-security-crypto\6.4.4\spring-security-crypto-6.4.4.jar;C:\Users\paavo\.m2\repository\org\springframework\security\spring-security-web\6.4.4\spring-security-web-6.4.4.jar;C:\Users\paavo\.m2\repository\org\springframework\spring-expression\6.2.5\spring-expression-6.2.5.jar;C:\Users\paavo\.m2\repository\org\springframework\spring-web\6.2.5\spring-web-6.2.5.jar;C:\Users\paavo\.m2\repository\com\vaadin\vaadin-spring-boot-starter\24.7.2\vaadin-spring-boot-starter-24.7.2.jar;C:\Users\paavo\.m2\repository\com\vaadin\vaadin-spring\24.7.4\vaadin-spring-24.7.4.jar;C:\Users\paavo\.m2\repository\com\vaadin\flow-server\24.7.4\flow-server-24.7.4.jar;C:\Users\paavo\.m2\repository\com\vaadin\servletdetector\throw-if-servlet3\1.0.2\throw-if-servlet3-1.0.2.jar;C:\Users\paavo\.m2\repository\org\jspecify\jspecify\1.0.0\jspecify-1.0.0.jar;C:\Users\paavo\.m2\repository\com\vaadin\external\gwt\gwt-elemental\2.8.2.vaadin2\gwt-elemental-2.8.2.vaadin2.jar;C:\Users\paavo\.m2\repository\org\apache\commons\commons-fileupload2-jakarta\2.0.0-M1\commons-fileupload2-jakarta-2.0.0-M1.jar;C:\Users\paavo\.m2\repository\org\apache\commons\commons-fileupload2-core\2.0.0-M1\commons-fileupload2-core-2.0.0-M1.jar;C:\Users\paavo\.m2\repository\commons-io\commons-io\2.18.0\commons-io-2.18.0.jar;C:\Users\paavo\.m2\repository\com\fasterxml\jackson\core\jackson-core\2.18.3\jackson-core-2.18.3.jar;C:\Users\paavo\.m2\repository\com\fasterxml\jackson\core\jackson-databind\2.18.3\jackson-databind-2.18.3.jar;C:\Users\paavo\.m2\repository\com\fasterxml\jackson\core\jackson-annotations\2.18.3\jackson-annotations-2.18.3.jar;C:\Users\paavo\.m2\repository\com\fasterxml\jackson\datatype\jackson-datatype-jsr310\2.18.3\jackson-datatype-jsr310-2.18.3.jar;C:\Users\paavo\.m2\repository\org\jsoup\jsoup\1.18.3\jsoup-1.18.3.jar;C:\Users\paavo\.m2\repository\com\helger\ph-css\7.0.4\ph-css-7.0.4.jar;C:\Users\paavo\.m2\repository\com\helger\commons\ph-commons\11.2.0\ph-commons-11.2.0.jar;C:\Users\paavo\.m2\repository\org\ow2\asm\asm\9.7.1\asm-9.7.1.jar;C:\Users\paavo\.m2\repository\com\vaadin\external\gentyref\1.2.0.vaadin1\gentyref-1.2.0.vaadin1.jar;C:\Users\paavo\.m2\repository\org\apache\commons\commons-compress\1.27.1\commons-compress-1.27.1.jar;C:\Users\paavo\.m2\repository\commons-codec\commons-codec\1.17.2\commons-codec-1.17.2.jar;C:\Users\paavo\.m2\repository\org\apache\commons\commons-lang3\3.17.0\commons-lang3-3.17.0.jar;C:\Users\paavo\.m2\repository\com\vaadin\flow-push\24.7.4\flow-push-24.7.4.jar;C:\Users\paavo\.m2\repository\com\vaadin\external\atmosphere\atmosphere-runtime\3.0.5.slf4jvaadin1\atmosphere-runtime-3.0.5.slf4jvaadin1.jar;C:\Users\paavo\.m2\repository\com\vaadin\flow-client\24.7.4\flow-client-24.7.4.jar;C:\Users\paavo\.m2\repository\org\springframework\spring-webmvc\6.2.5\spring-webmvc-6.2.5.jar;C:\Users\paavo\.m2\repository\org\springframework\spring-websocket\6.2.5\spring-websocket-6.2.5.jar;C:\Users\paavo\.m2\repository\org\hibernate\validator\hibernate-validator\8.0.2.Final\hibernate-validator-8.0.2.Final.jar;C:\Users\paavo\.m2\repository\jakarta\validation\jakarta.validation-api\3.0.2\jakarta.validation-api-3.0.2.jar;C:\Users\paavo\.m2\repository\org\reflections\reflections\0.10.2\reflections-0.10.2.jar;C:\Users\paavo\.m2\repository\com\google\code\findbugs\jsr305\3.0.2\jsr305-3.0.2.jar;C:\Users\paavo\.m2\repository\org\javassist\javassist\3.30.2-GA\javassist-3.30.2-GA.jar;C:\Users\paavo\.m2\repository\com\vaadin\vaadin-core\24.7.2\vaadin-core-24.7.2.jar;C:\Users\paavo\.m2\repository\com\vaadin\vaadin-core-internal\24.7.2\vaadin-core-internal-24.7.2.jar;C:\Users\paavo\.m2\repository\com\vaadin\flow-lit-template\24.7.4\flow-lit-template-24.7.4.jar;C:\Users\paavo\.m2\repository\com\vaadin\flow-react\24.7.4\flow-react-24.7.4.jar;C:\Users\paavo\.m2\repository\com\vaadin\flow-html-components\24.7.4\flow-html-components-24.7.4.jar;C:\Users\paavo\.m2\repository\com\vaadin\flow-data\24.7.4\flow-data-24.7.4.jar;C:\Users\paavo\.m2\repository\com\vaadin\flow-dnd\24.7.4\flow-dnd-24.7.4.jar;C:\Users\paavo\.m2\repository\com\vaadin\vaadin-lumo-theme\24.7.2\vaadin-lumo-theme-24.7.2.jar;C:\Users\paavo\.m2\repository\com\vaadin\vaadin-icons-flow\24.7.2\vaadin-icons-flow-24.7.2.jar;C:\Users\paavo\.m2\repository\com\vaadin\vaadin-flow-components-base\24.7.2\vaadin-flow-components-base-24.7.2.jar;C:\Users\paavo\.m2\repository\com\vaadin\vaadin-material-theme\24.7.2\vaadin-material-theme-24.7.2.jar;C:\Users\paavo\.m2\repository\com\vaadin\vaadin-core-components\24.7.2\vaadin-core-components-24.7.2.jar;C:\Users\paavo\.m2\repository\com\vaadin\vaadin-accordion-flow\24.7.2\vaadin-accordion-flow-24.7.2.jar;C:\Users\paavo\.m2\repository\com\vaadin\vaadin-avatar-flow\24.7.2\vaadin-avatar-flow-24.7.2.jar;C:\Users\paavo\.m2\repository\com\vaadin\vaadin-button-flow\24.7.2\vaadin-button-flow-24.7.2.jar;C:\Users\paavo\.m2\repository\com\vaadin\vaadin-card-flow\24.7.2\vaadin-card-flow-24.7.2.jar;C:\Users\paavo\.m2\repository\com\vaadin\vaadin-checkbox-flow\24.7.2\vaadin-checkbox-flow-24.7.2.jar;C:\Users\paavo\.m2\repository\com\vaadin\vaadin-combo-box-flow\24.7.2\vaadin-combo-box-flow-24.7.2.jar;C:\Users\paavo\.m2\repository\com\vaadin\vaadin-confirm-dialog-flow\24.7.2\vaadin-confirm-dialog-flow-24.7.2.jar;C:\Users\paavo\.m2\repository\com\vaadin\vaadin-custom-field-flow\24.7.2\vaadin-custom-field-flow-24.7.2.jar;C:\Users\paavo\.m2\repository\com\vaadin\vaadin-date-picker-flow\24.7.2\vaadin-date-picker-flow-24.7.2.jar;C:\Users\paavo\.m2\repository\com\vaadin\vaadin-date-time-picker-flow\24.7.2\vaadin-date-time-picker-flow-24.7.2.jar;C:\Users\paavo\.m2\repository\com\vaadin\vaadin-details-flow\24.7.2\vaadin-details-flow-24.7.2.jar;C:\Users\paavo\.m2\repository\com\vaadin\vaadin-time-picker-flow\24.7.2\vaadin-time-picker-flow-24.7.2.jar;C:\Users\paavo\.m2\repository\com\vaadin\vaadin-select-flow\24.7.2\vaadin-select-flow-24.7.2.jar;C:\Users\paavo\.m2\repository\com\vaadin\vaadin-side-nav-flow\24.7.2\vaadin-side-nav-flow-24.7.2.jar;C:\Users\paavo\.m2\repository\com\vaadin\vaadin-dialog-flow\24.7.2\vaadin-dialog-flow-24.7.2.jar;C:\Users\paavo\.m2\repository\com\vaadin\vaadin-form-layout-flow\24.7.2\vaadin-form-layout-flow-24.7.2.jar;C:\Users\paavo\.m2\repository\com\vaadin\vaadin-field-highlighter-flow\24.7.2\vaadin-field-highlighter-flow-24.7.2.jar;C:\Users\paavo\.m2\repository\com\vaadin\vaadin-grid-flow\24.7.2\vaadin-grid-flow-24.7.2.jar;C:\Users\paavo\.m2\repository\com\vaadin\vaadin-virtual-list-flow\24.7.2\vaadin-virtual-list-flow-24.7.2.jar;C:\Users\paavo\.m2\repository\com\vaadin\vaadin-list-box-flow\24.7.2\vaadin-list-box-flow-24.7.2.jar;C:\Users\paavo\.m2\repository\com\vaadin\vaadin-login-flow\24.7.2\vaadin-login-flow-24.7.2.jar;C:\Users\paavo\.m2\repository\com\vaadin\vaadin-messages-flow\24.7.2\vaadin-messages-flow-24.7.2.jar;C:\Users\paavo\.m2\repository\com\vaadin\vaadin-ordered-layout-flow\24.7.2\vaadin-ordered-layout-flow-24.7.2.jar;C:\Users\paavo\.m2\repository\com\vaadin\vaadin-progress-bar-flow\24.7.2\vaadin-progress-bar-flow-24.7.2.jar;C:\Users\paavo\.m2\repository\com\vaadin\vaadin-popover-flow\24.7.2\vaadin-popover-flow-24.7.2.jar;C:\Users\paavo\.m2\repository\com\vaadin\vaadin-radio-button-flow\24.7.2\vaadin-radio-button-flow-24.7.2.jar;C:\Users\paavo\.m2\repository\com\vaadin\vaadin-renderer-flow\24.7.2\vaadin-renderer-flow-24.7.2.jar;C:\Users\paavo\.m2\repository\com\vaadin\vaadin-split-layout-flow\24.7.2\vaadin-split-layout-flow-24.7.2.jar;C:\Users\paavo\.m2\repository\com\vaadin\vaadin-tabs-flow\24.7.2\vaadin-tabs-flow-24.7.2.jar;C:\Users\paavo\.m2\repository\com\vaadin\vaadin-text-field-flow\24.7.2\vaadin-text-field-flow-24.7.2.jar;C:\Users\paavo\.m2\repository\com\vaadin\vaadin-upload-flow\24.7.2\vaadin-upload-flow-24.7.2.jar;C:\Users\paavo\.m2\repository\com\vaadin\vaadin-notification-flow\24.7.2\vaadin-notification-flow-24.7.2.jar;C:\Users\paavo\.m2\repository\com\vaadin\vaadin-app-layout-flow\24.7.2\vaadin-app-layout-flow-24.7.2.jar;C:\Users\paavo\.m2\repository\com\vaadin\vaadin-context-menu-flow\24.7.2\vaadin-context-menu-flow-24.7.2.jar;C:\Users\paavo\.m2\repository\com\vaadin\vaadin-menu-bar-flow\24.7.2\vaadin-menu-bar-flow-24.7.2.jar;C:\Users\paavo\.m2\repository\com\vaadin\collaboration-engine\6.4.0\collaboration-engine-6.4.0.jar;C:\Users\paavo\.m2\repository\com\vaadin\vaadin-dev\24.7.2\vaadin-dev-24.7.2.jar;C:\Users\paavo\.m2\repository\com\vaadin\vaadin-dev-server\24.7.4\vaadin-dev-server-24.7.4.jar;C:\Users\paavo\.m2\repository\com\vaadin\license-checker\1.13.4\license-checker-1.13.4.jar;C:\Users\paavo\.m2\repository\com\github\oshi\oshi-core\6.6.5\oshi-core-6.6.5.jar;C:\Users\paavo\.m2\repository\net\java\dev\jna\jna\5.15.0\jna-5.15.0.jar;C:\Users\paavo\.m2\repository\net\java\dev\jna\jna-platform\5.15.0\jna-platform-5.15.0.jar;C:\Users\paavo\.m2\repository\com\nimbusds\nimbus-jose-jwt\9.37.3\nimbus-jose-jwt-9.37.3.jar;C:\Users\paavo\.m2\repository\org\lucee\jcip-annotations\1.0.0\jcip-annotations-1.0.0.jar;C:\Users\paavo\.m2\repository\com\vaadin\open\8.5.0.4\open-8.5.0.4.jar;C:\Users\paavo\.m2\repository\com\github\javaparser\javaparser-core\3.26.4\javaparser-core-3.26.4.jar;C:\Users\paavo\.m2\repository\io\methvin\directory-watcher\0.18.0\directory-watcher-0.18.0.jar;C:\Users\paavo\.m2\repository\com\vaadin\vaadin-dev-bundle\24.7.2\vaadin-dev-bundle-24.7.2.jar;C:\Users\paavo\.m2\repository\com\vaadin\hilla-dev\24.7.2\hilla-dev-24.7.2.jar;C:\Users\paavo\.m2\repository\com\vaadin\copilot\24.7.2\copilot-24.7.2.jar;C:\Users\paavo\.m2\repository\io\projectreactor\netty\reactor-netty\1.2.4\reactor-netty-1.2.4.jar;C:\Users\paavo\.m2\repository\io\projectreactor\netty\reactor-netty-core\1.2.4\reactor-netty-core-1.2.4.jar;C:\Users\paavo\.m2\repository\io\projectreactor\netty\reactor-netty-http\1.2.4\reactor-netty-http-1.2.4.jar;C:\Users\paavo\.m2\repository\io\netty\netty-all\4.1.119.Final\netty-all-4.1.119.Final.jar;C:\Users\paavo\.m2\repository\io\netty\netty-buffer\4.1.119.Final\netty-buffer-4.1.119.Final.jar;C:\Users\paavo\.m2\repository\io\netty\netty-codec\4.1.119.Final\netty-codec-4.1.119.Final.jar;C:\Users\paavo\.m2\repository\io\netty\netty-codec-dns\4.1.119.Final\netty-codec-dns-4.1.119.Final.jar;C:\Users\paavo\.m2\repository\io\netty\netty-codec-haproxy\4.1.119.Final\netty-codec-haproxy-4.1.119.Final.jar;C:\Users\paavo\.m2\repository\io\netty\netty-codec-http\4.1.119.Final\netty-codec-http-4.1.119.Final.jar;C:\Users\paavo\.m2\repository\io\netty\netty-codec-http2\4.1.119.Final\netty-codec-http2-4.1.119.Final.jar;C:\Users\paavo\.m2\repository\io\netty\netty-codec-memcache\4.1.119.Final\netty-codec-memcache-4.1.119.Final.jar;C:\Users\paavo\.m2\repository\io\netty\netty-codec-mqtt\4.1.119.Final\netty-codec-mqtt-4.1.119.Final.jar;C:\Users\paavo\.m2\repository\io\netty\netty-codec-redis\4.1.119.Final\netty-codec-redis-4.1.119.Final.jar;C:\Users\paavo\.m2\repository\io\netty\netty-codec-smtp\4.1.119.Final\netty-codec-smtp-4.1.119.Final.jar;C:\Users\paavo\.m2\repository\io\netty\netty-codec-socks\4.1.119.Final\netty-codec-socks-4.1.119.Final.jar;C:\Users\paavo\.m2\repository\io\netty\netty-codec-stomp\4.1.119.Final\netty-codec-stomp-4.1.119.Final.jar;C:\Users\paavo\.m2\repository\io\netty\netty-codec-xml\4.1.119.Final\netty-codec-xml-4.1.119.Final.jar;C:\Users\paavo\.m2\repository\io\netty\netty-common\4.1.119.Final\netty-common-4.1.119.Final.jar;C:\Users\paavo\.m2\repository\io\netty\netty-handler\4.1.119.Final\netty-handler-4.1.119.Final.jar;C:\Users\paavo\.m2\repository\io\netty\netty-transport-native-unix-common\4.1.119.Final\netty-transport-native-unix-common-4.1.119.Final.jar;C:\Users\paavo\.m2\repository\io\netty\netty-handler-proxy\4.1.119.Final\netty-handler-proxy-4.1.119.Final.jar;C:\Users\paavo\.m2\repository\io\netty\netty-handler-ssl-ocsp\4.1.119.Final\netty-handler-ssl-ocsp-4.1.119.Final.jar;C:\Users\paavo\.m2\repository\io\netty\netty-resolver\4.1.119.Final\netty-resolver-4.1.119.Final.jar;C:\Users\paavo\.m2\repository\io\netty\netty-resolver-dns\4.1.119.Final\netty-resolver-dns-4.1.119.Final.jar;C:\Users\paavo\.m2\repository\io\netty\netty-transport\4.1.119.Final\netty-transport-4.1.119.Final.jar;C:\Users\paavo\.m2\repository\io\netty\netty-transport-rxtx\4.1.119.Final\netty-transport-rxtx-4.1.119.Final.jar;C:\Users\paavo\.m2\repository\io\netty\netty-transport-sctp\4.1.119.Final\netty-transport-sctp-4.1.119.Final.jar;C:\Users\paavo\.m2\repository\io\netty\netty-transport-udt\4.1.119.Final\netty-transport-udt-4.1.119.Final.jar;C:\Users\paavo\.m2\repository\io\netty\netty-transport-classes-epoll\4.1.119.Final\netty-transport-classes-epoll-4.1.119.Final.jar;C:\Users\paavo\.m2\repository\io\netty\netty-transport-classes-kqueue\4.1.119.Final\netty-transport-classes-kqueue-4.1.119.Final.jar;C:\Users\paavo\.m2\repository\io\netty\netty-resolver-dns-classes-macos\4.1.119.Final\netty-resolver-dns-classes-macos-4.1.119.Final.jar;C:\Users\paavo\.m2\repository\io\netty\netty-transport-native-epoll\4.1.119.Final\netty-transport-native-epoll-4.1.119.Final-linux-x86_64.jar;C:\Users\paavo\.m2\repository\io\netty\netty-transport-native-epoll\4.1.119.Final\netty-transport-native-epoll-4.1.119.Final-linux-aarch_64.jar;C:\Users\paavo\.m2\repository\io\netty\netty-transport-native-epoll\4.1.119.Final\netty-transport-native-epoll-4.1.119.Final-linux-riscv64.jar;C:\Users\paavo\.m2\repository\io\netty\netty-transport-native-kqueue\4.1.119.Final\netty-transport-native-kqueue-4.1.119.Final-osx-x86_64.jar;C:\Users\paavo\.m2\repository\io\netty\netty-transport-native-kqueue\4.1.119.Final\netty-transport-native-kqueue-4.1.119.Final-osx-aarch_64.jar;C:\Users\paavo\.m2\repository\io\netty\netty-resolver-dns-native-macos\4.1.119.Final\netty-resolver-dns-native-macos-4.1.119.Final-osx-x86_64.jar;C:\Users\paavo\.m2\repository\io\netty\netty-resolver-dns-native-macos\4.1.119.Final\netty-resolver-dns-native-macos-4.1.119.Final-osx-aarch_64.jar;C:\Users\paavo\.m2\repository\org\apache\commons\commons-configuration2\2.11.0\commons-configuration2-2.11.0.jar;C:\Users\paavo\.m2\repository\org\apache\commons\commons-text\1.12.0\commons-text-1.12.0.jar;C:\Users\paavo\.m2\repository\com\vaadin\ui-tests\1.1.1\ui-tests-1.1.1.jar;C:\Users\paavo\.m2\repository\com\vaadin\hilla\24.7.2\hilla-24.7.2.jar;C:\Users\paavo\.m2\repository\com\vaadin\hilla-endpoint\24.7.2\hilla-endpoint-24.7.2.jar;C:\Users\paavo\.m2\repository\com\vaadin\hilla-engine-core\24.7.2\hilla-engine-core-24.7.2.jar;C:\Users\paavo\.m2\repository\com\vaadin\hilla-parser-jvm-core\24.7.2\hilla-parser-jvm-core-24.7.2.jar;C:\Users\paavo\.m2\repository\io\github\classgraph\classgraph\4.8.179\classgraph-4.8.179.jar;C:\Users\paavo\.m2\repository\com\fasterxml\jackson\dataformat\jackson-dataformat-yaml\2.18.3\jackson-dataformat-yaml-2.18.3.jar;C:\Users\paavo\.m2\repository\com\vaadin\hilla-parser-jvm-plugin-backbone\24.7.2\hilla-parser-jvm-plugin-backbone-24.7.2.jar;C:\Users\paavo\.m2\repository\com\vaadin\hilla-parser-jvm-plugin-nonnull\24.7.2\hilla-parser-jvm-plugin-nonnull-24.7.2.jar;C:\Users\paavo\.m2\repository\com\vaadin\hilla-parser-jvm-plugin-subtypes\24.7.2\hilla-parser-jvm-plugin-subtypes-24.7.2.jar;C:\Users\paavo\.m2\repository\com\vaadin\hilla-parser-jvm-plugin-model\24.7.2\hilla-parser-jvm-plugin-model-24.7.2.jar;C:\Users\paavo\.m2\repository\com\vaadin\hilla-parser-jvm-plugin-transfertypes\24.7.2\hilla-parser-jvm-plugin-transfertypes-24.7.2.jar;C:\Users\paavo\.m2\repository\io\projectreactor\reactor-core\3.7.4\reactor-core-3.7.4.jar;C:\Users\paavo\.m2\repository\org\reactivestreams\reactive-streams\1.0.4\reactive-streams-1.0.4.jar;C:\Users\paavo\.m2\repository\com\fasterxml\jackson\module\jackson-module-parameter-names\2.18.3\jackson-module-parameter-names-2.18.3.jar;C:\Users\paavo\.m2\repository\com\fasterxml\jackson\datatype\jackson-datatype-jdk8\2.18.3\jackson-datatype-jdk8-2.18.3.jar;C:\Users\paavo\.m2\repository\com\github\javaparser\javaparser-symbol-solver-core\3.26.4\javaparser-symbol-solver-core-3.26.4.jar;C:\Users\paavo\.m2\repository\com\google\guava\guava\33.4.0-jre\guava-33.4.0-jre.jar;C:\Users\paavo\.m2\repository\com\google\guava\failureaccess\1.0.2\failureaccess-1.0.2.jar;C:\Users\paavo\.m2\repository\com\google\guava\listenablefuture\9999.0-empty-to-avoid-conflict-with-guava\listenablefuture-9999.0-empty-to-avoid-conflict-with-guava.jar;C:\Users\paavo\.m2\repository\org\checkerframework\checker-qual\3.43.0\checker-qual-3.43.0.jar;C:\Users\paavo\.m2\repository\com\google\errorprone\error_prone_annotations\2.36.0\error_prone_annotations-2.36.0.jar;C:\Users\paavo\.m2\repository\com\google\j2objc\j2objc-annotations\3.0.0\j2objc-annotations-3.0.0.jar;C:\Users\paavo\.m2\repository\com\vaadin\hilla-parser-jvm-utils\24.7.2\hilla-parser-jvm-utils-24.7.2.jar;C:\Users\paavo\.m2\repository\io\swagger\core\v3\swagger-core\2.2.28\swagger-core-2.2.28.jar;C:\Users\paavo\.m2\repository\io\swagger\core\v3\swagger-annotations\2.2.28\swagger-annotations-2.2.28.jar;C:\Users\paavo\.m2\repository\io\swagger\core\v3\swagger-models\2.2.28\swagger-models-2.2.28.jar;C:\Users\paavo\.m2\repository\com\vaadin\hilla-runtime-plugin-transfertypes\24.7.2\hilla-runtime-plugin-transfertypes-24.7.2.jar;C:\Users\paavo\.m2\repository\com\vaadin\hilla-engine-runtime\24.7.2\hilla-engine-runtime-24.7.2.jar;C:\Users\paavo\.m2\repository\org\springframework\boot\spring-boot-starter-web\3.4.4\spring-boot-starter-web-3.4.4.jar;C:\Users\paavo\.m2\repository\org\springframework\boot\spring-boot-starter-json\3.4.4\spring-boot-starter-json-3.4.4.jar;C:\Users\paavo\.m2\repository\org\springframework\boot\spring-boot-starter-tomcat\3.4.4\spring-boot-starter-tomcat-3.4.4.jar;C:\Users\paavo\.m2\repository\org\apache\tomcat\embed\tomcat-embed-core\10.1.39\tomcat-embed-core-10.1.39.jar;C:\Users\paavo\.m2\repository\org\apache\tomcat\embed\tomcat-embed-el\10.1.39\tomcat-embed-el-10.1.39.jar;C:\Users\paavo\.m2\repository\org\apache\tomcat\embed\tomcat-embed-websocket\10.1.39\tomcat-embed-websocket-10.1.39.jar;C:\Users\paavo\.m2\repository\com\h2database\h2\2.3.232\h2-2.3.232.jar;C:\Users\paavo\.m2\repository\org\springframework\boot\spring-boot-starter-test\3.4.4\spring-boot-starter-test-3.4.4.jar;C:\Users\paavo\.m2\repository\org\springframework\boot\spring-boot-test\3.4.4\spring-boot-test-3.4.4.jar;C:\Users\paavo\.m2\repository\org\springframework\boot\spring-boot-test-autoconfigure\3.4.4\spring-boot-test-autoconfigure-3.4.4.jar;C:\Users\paavo\.m2\repository\com\jayway\jsonpath\json-path\2.9.0\json-path-2.9.0.jar;C:\Users\paavo\.m2\repository\jakarta\xml\bind\jakarta.xml.bind-api\4.0.2\jakarta.xml.bind-api-4.0.2.jar;C:\Users\paavo\.m2\repository\jakarta\activation\jakarta.activation-api\2.1.3\jakarta.activation-api-2.1.3.jar;C:\Users\paavo\.m2\repository\net\minidev\json-smart\2.5.2\json-smart-2.5.2.jar;C:\Users\paavo\.m2\repository\net\minidev\accessors-smart\2.5.2\accessors-smart-2.5.2.jar;C:\Users\paavo\.m2\repository\org\assertj\assertj-core\3.26.3\assertj-core-3.26.3.jar;C:\Users\paavo\.m2\repository\org\awaitility\awaitility\4.2.2\awaitility-4.2.2.jar;C:\Users\paavo\.m2\repository\org\hamcrest\hamcrest\2.2\hamcrest-2.2.jar;C:\Users\paavo\.m2\repository\org\junit\jupiter\junit-jupiter\5.11.4\junit-jupiter-5.11.4.jar;C:\Users\paavo\.m2\repository\org\junit\jupiter\junit-jupiter-api\5.11.4\junit-jupiter-api-5.11.4.jar;C:\Users\paavo\.m2\repository\org\opentest4j\opentest4j\1.3.0\opentest4j-1.3.0.jar;C:\Users\paavo\.m2\repository\org\junit\platform\junit-platform-commons\1.11.4\junit-platform-commons-1.11.4.jar;C:\Users\paavo\.m2\repository\org\apiguardian\apiguardian-api\1.1.2\apiguardian-api-1.1.2.jar;C:\Users\paavo\.m2\repository\org\junit\jupiter\junit-jupiter-params\5.11.4\junit-jupiter-params-5.11.4.jar;C:\Users\paavo\.m2\repository\org\junit\jupiter\junit-jupiter-engine\5.11.4\junit-jupiter-engine-5.11.4.jar;C:\Users\paavo\.m2\repository\org\junit\platform\junit-platform-engine\1.11.4\junit-platform-engine-1.11.4.jar;C:\Users\paavo\.m2\repository\org\mockito\mockito-core\5.14.2\mockito-core-5.14.2.jar;C:\Users\paavo\.m2\repository\net\bytebuddy\byte-buddy-agent\1.15.11\byte-buddy-agent-1.15.11.jar;C:\Users\paavo\.m2\repository\org\objenesis\objenesis\3.3\objenesis-3.3.jar;C:\Users\paavo\.m2\repository\org\mockito\mockito-junit-jupiter\5.14.2\mockito-junit-jupiter-5.14.2.jar;C:\Users\paavo\.m2\repository\org\skyscreamer\jsonassert\1.5.3\jsonassert-1.5.3.jar;C:\Users\paavo\.m2\repository\com\vaadin\external\google\android-json\0.0.20131108.vaadin1\android-json-0.0.20131108.vaadin1.jar;C:\Users\paavo\.m2\repository\org\springframework\spring-core\6.2.5\spring-core-6.2.5.jar;C:\Users\paavo\.m2\repository\org\springframework\spring-jcl\6.2.5\spring-jcl-6.2.5.jar;C:\Users\paavo\.m2\repository\org\springframework\spring-test\6.2.5\spring-test-6.2.5.jar;C:\Users\paavo\.m2\repository\org\xmlunit\xmlunit-core\2.10.0\xmlunit-core-2.10.0.jar;"/>
    <property name="sun.cpu.endian" value="little"/>
    <property name="user.home" value="C:\Users\paavo"/>
    <property name="user.language" value="en"/>
    <property name="java.specification.vendor" value="Oracle Corporation"/>
    <property name="java.version.date" value="2024-07-16"/>
    <property name="java.home" value="C:\Program Files\Java\jdk-21"/>
    <property name="file.separator" value="\"/>
    <property name="basedir" value="C:\Users\paavo\Documents\_SAVONIA\Java Web\project\project"/>
    <property name="java.vm.compressedOopsMode" value="Zero based"/>
    <property name="line.separator" value="&#10;"/>
    <property name="java.vm.specification.vendor" value="Oracle Corporation"/>
    <property name="java.specification.name" value="Java Platform API Specification"/>
    <property name="FILE_LOG_CHARSET" value="UTF-8"/>
    <property name="java.awt.headless" value="true"/>
    <property name="surefire.real.class.path" value="C:\Users\paavo\AppData\Local\Temp\surefire4516513462297129724\surefirebooter-20250423222624517_3.jar"/>
    <property name="user.script" value=""/>
    <property name="sun.management.compiler" value="HotSpot 64-Bit Tiered Compilers"/>
    <property name="java.runtime.version" value="21.0.4+8-LTS-274"/>
    <property name="user.name" value="paavo"/>
    <property name="stdout.encoding" value="Cp1252"/>
    <property name="path.separator" value=";"/>
    <property name="os.version" value="10.0"/>
    <property name="java.runtime.name" value="Java(TM) SE Runtime Environment"/>
    <property name="file.encoding" value="UTF-8"/>
    <property name="java.vm.name" value="Java HotSpot(TM) 64-Bit Server VM"/>
    <property name="localRepository" value="C:\Users\paavo\.m2\repository"/>
    <property name="java.vendor.url.bug" value="https://bugreport.java.com/bugreport/"/>
    <property name="java.io.tmpdir" value="C:\Users\paavo\AppData\Local\Temp\"/>
    <property name="com.zaxxer.hikari.pool_number" value="1"/>
    <property name="java.version" value="21.0.4"/>
    <property name="user.dir" value="C:\Users\paavo\Documents\_SAVONIA\Java Web\project\project"/>
    <property name="os.arch" value="amd64"/>
    <property name="java.vm.specification.name" value="Java Virtual Machine Specification"/>
    <property name="PID" value="20016"/>
    <property name="sun.os.patch.level" value=""/>
    <property name="CONSOLE_LOG_CHARSET" value="UTF-8"/>
    <property name="native.encoding" value="Cp1252"/>
    <property name="java.library.path" value="C:\Program Files\Java\jdk-21\bin;C:\WINDOWS\Sun\Java\bin;C:\WINDOWS\system32;C:\WINDOWS;C:\Program Files\Java\jdk-21\bin;C:\Program Files\Eclipse Adoptium\jdk-8.0.432.6-hotspot\bin;C:\Python312\Scripts\;C:\Python312\;c:\program files\common files\oracle\java\javapath;C:\Program Files (x86)\Common Files\Oracle\Java\java8path;C:\Program Files (x86)\Common Files\Oracle\Java\javapath;c:\program files (x86)\common files\intel\shared libraries\redist\intel64_win\compiler;c:\program files (x86)\common files\intel\shared libraries\redist\intel64\compiler;c:\windows\system32;c:\windows;c:\windows\system32\wbem;c:\windows\system32\windowspowershell\v1.0\;c:\windows\system32\openssh\;c:\program files\dotnet\;C:\Program Files (x86)\NVIDIA Corporation\PhysX\Common;C:\Program Files\Git\cmd;C:\Program Files\NVIDIA Corporation\NVIDIA App\NvDLISR;C:\Program Files\nodejs\;C:\ProgramData\chocolatey\bin;C:\Program Files\PuTTY\;;%SystemRoot%\system32;%SystemRoot%;%SystemRoot%\System32\Wbem;%SYSTEMROOT%\System32\WindowsPowerShell\v1.0\;%SYSTEMROOT%\System32\OpenSSH\;C:\Users\paavo\AppData\Local\Programs\Python\Python311\Scripts\;C:\Users\paavo\AppData\Local\Programs\Python\Python311\;C:\Users\paavo\AppData\Local\Programs\Python\Launcher\;C:\Users\paavo\AppData\Local\Microsoft\WindowsApps;C:\Programs\FFMPEG;C:\Users\paavo\AppData\Local\Microsoft\WindowsApps;C:\Users\paavo\.dotnet\tools;C:\Users\paavo\AppData\Local\Programs\Microsoft VS Code\bin;C:\Users\paavo\AppData\Local\Programs\Python\Python311;C:\Users\paavo\AppData\Roaming\npm;C:\Users\paavo\AppData\Local\GitHubDesktop\bin;C:\maven\apache-maven-3.9.9\bin;;."/>
    <property name="java.vm.info" value="mixed mode, sharing"/>
    <property name="stderr.encoding" value="Cp1252"/>
    <property name="java.vendor" value="Oracle Corporation"/>
    <property name="java.vm.version" value="21.0.4+8-LTS-274"/>
    <property name="sun.io.unicode.encoding" value="UnicodeLittle"/>
    <property name="java.class.version" value="65.0"/>
    <property name="LOGGED_APPLICATION_NAME" value="[project] "/>
  </properties>
  <testcase name="contextLoads" classname="com.example.project.ProjectApplicationTests" time="0.327">
    <system-out><![CDATA[22:26:25.212 [main] INFO org.springframework.test.context.support.AnnotationConfigContextLoaderUtils -- Could not detect default configuration classes for test class [com.example.project.ProjectApplicationTests]: ProjectApplicationTests does not declare any static, non-private, non-final, nested classes annotated with @Configuration.
22:26:25.300 [main] INFO org.springframework.boot.test.context.SpringBootTestContextBootstrapper -- Found @SpringBootConfiguration com.example.project.ProjectApplication for test class com.example.project.ProjectApplicationTests

  .   ____          _            __ _ _
 /\\ / ___'_ __ _ _(_)_ __  __ _ \ \ \ \
( ( )\___ | '_ | '_| | '_ \/ _` | \ \ \ \
 \\/  ___)| |_)| | | | | || (_| |  ) ) ) )
  '  |____| .__|_| |_|_| |_\__, | / / / /
 =========|_|==============|___/=/_/_/_/

 :: Spring Boot ::                (v3.4.4)

2025-04-23T22:26:25.642+03:00  INFO 20016 --- [project] [           main] c.e.project.ProjectApplicationTests      : Starting ProjectApplicationTests using Java 21.0.4 with PID 20016 (started by paavo in C:\Users\paavo\Documents\_SAVONIA\Java Web\project\project)
2025-04-23T22:26:25.643+03:00  INFO 20016 --- [project] [           main] c.e.project.ProjectApplicationTests      : No active profile set, falling back to 1 default profile: "default"
2025-04-23T22:26:26.389+03:00  INFO 20016 --- [project] [           main] .s.d.r.c.RepositoryConfigurationDelegate : Bootstrapping Spring Data JPA repositories in DEFAULT mode.
2025-04-23T22:26:26.522+03:00  INFO 20016 --- [project] [           main] .s.d.r.c.RepositoryConfigurationDelegate : Finished Spring Data repository scanning in 119 ms. Found 2 JPA repository interfaces.
2025-04-23T22:26:27.250+03:00  INFO 20016 --- [project] [           main] o.hibernate.jpa.internal.util.LogHelper  : HHH000204: Processing PersistenceUnitInfo [name: default]
2025-04-23T22:26:27.349+03:00  INFO 20016 --- [project] [           main] org.hibernate.Version                    : HHH000412: Hibernate ORM core version 6.6.11.Final
2025-04-23T22:26:27.383+03:00  INFO 20016 --- [project] [           main] o.h.c.internal.RegionFactoryInitiator    : HHH000026: Second-level cache disabled
2025-04-23T22:26:27.649+03:00  INFO 20016 --- [project] [           main] o.s.o.j.p.SpringPersistenceUnitInfo      : No LoadTimeWeaver setup: ignoring JPA class transformer
2025-04-23T22:26:27.674+03:00  INFO 20016 --- [project] [           main] com.zaxxer.hikari.HikariDataSource       : HikariPool-1 - Starting...
2025-04-23T22:26:27.806+03:00  INFO 20016 --- [project] [           main] com.zaxxer.hikari.pool.HikariPool        : HikariPool-1 - Added connection conn0: url=jdbc:h2:mem:testdb user=SA
2025-04-23T22:26:27.808+03:00  INFO 20016 --- [project] [           main] com.zaxxer.hikari.HikariDataSource       : HikariPool-1 - Start completed.
2025-04-23T22:26:27.829+03:00  WARN 20016 --- [project] [           main] org.hibernate.orm.deprecation            : HHH90000025: H2Dialect does not need to be specified explicitly using 'hibernate.dialect' (remove the property setting and it will be selected by default)
2025-04-23T22:26:27.844+03:00  INFO 20016 --- [project] [           main] org.hibernate.orm.connections.pooling    : HHH10001005: Database info:
	Database JDBC URL [Connecting through datasource 'HikariDataSource (HikariPool-1)']
	Database driver: undefined/unknown
	Database version: 2.3.232
	Autocommit mode: undefined/unknown
	Isolation level: undefined/unknown
	Minimum pool size: undefined/unknown
	Maximum pool size: undefined/unknown
2025-04-23T22:26:28.476+03:00  INFO 20016 --- [project] [           main] o.h.e.t.j.p.i.JtaPlatformInitiator       : HHH000489: No JTA platform available (set 'hibernate.transaction.jta.platform' to enable JTA platform integration)
2025-04-23T22:26:28.522+03:00  INFO 20016 --- [project] [           main] j.LocalContainerEntityManagerFactoryBean : Initialized JPA EntityManagerFactory for persistence unit 'default'
2025-04-23T22:26:28.963+03:00  WARN 20016 --- [project] [           main] JpaBaseConfiguration$JpaWebConfiguration : spring.jpa.open-in-view is enabled by default. Therefore, database queries may be performed during view rendering. Explicitly configure spring.jpa.open-in-view to disable this warning
2025-04-23T22:26:29.002+03:00  WARN 20016 --- [project] [           main] .s.s.UserDetailsServiceAutoConfiguration : 

Using generated security password: 396b453b-9522-4701-bf96-256f4e30f698

This generated password is for development use only. Your security configuration must be updated before running your application in production.

2025-04-23T22:26:29.039+03:00  INFO 20016 --- [project] [           main] r$InitializeUserDetailsManagerConfigurer : Global AuthenticationManager configured with UserDetailsService bean with name inMemoryUserDetailsManager
2025-04-23T22:26:29.834+03:00  INFO 20016 --- [project] [           main] org.atmosphere.cpr.AtmosphereFramework   : Installed AtmosphereHandler com.vaadin.hilla.push.PushEndpoint mapped to context-path: /HILLA/push
2025-04-23T22:26:29.834+03:00  INFO 20016 --- [project] [           main] org.atmosphere.cpr.AtmosphereFramework   : Installed the following AtmosphereInterceptor mapped to AtmosphereHandler com.vaadin.hilla.push.PushEndpoint
2025-04-23T22:26:29.834+03:00  INFO 20016 --- [project] [           main] org.atmosphere.cpr.AtmosphereFramework   : 	org.atmosphere.interceptor.AtmosphereResourceLifecycleInterceptor : Atmosphere LifeCycle
2025-04-23T22:26:29.834+03:00  INFO 20016 --- [project] [           main] org.atmosphere.cpr.AtmosphereFramework   : 	org.atmosphere.client.TrackMessageSizeInterceptor :  Track Message Size Interceptor using |
2025-04-23T22:26:29.834+03:00  INFO 20016 --- [project] [           main] org.atmosphere.cpr.AtmosphereFramework   : 	org.atmosphere.interceptor.SuspendTrackerInterceptor : UUID Tracking Interceptor
2025-04-23T22:26:29.872+03:00  INFO 20016 --- [project] [           main] o.s.b.a.h2.H2ConsoleAutoConfiguration    : H2 console available at '/h2-console'. Database available at 'jdbc:h2:mem:testdb'
2025-04-23T22:26:29.963+03:00  INFO 20016 --- [project] [           main] c.e.project.ProjectApplicationTests      : Started ProjectApplicationTests in 4.546 seconds (process running for 5.352)
]]></system-out>
    <system-err><![CDATA[Mockito is currently self-attaching to enable the inline-mock-maker. This will no longer work in future releases of the JDK. Please add Mockito as an agent to your build what is described in Mockito's documentation: https://javadoc.io/doc/org.mockito/mockito-core/latest/org/mockito/Mockito.html#0.3
WARNING: A Java agent has been loaded dynamically (C:\Users\paavo\.m2\repository\net\bytebuddy\byte-buddy-agent\1.15.11\byte-buddy-agent-1.15.11.jar)
WARNING: If a serviceability tool is in use, please run with -XX:+EnableDynamicAgentLoading to hide this warning
WARNING: If a serviceability tool is not in use, please run with -Djdk.instrument.traceUsage for more information
WARNING: Dynamic loading of agents will be disallowed by default in a future release
]]></system-err>
  </testcase>
</testsuite>